[debug] [2026-03-16T06:45:24.359Z] ----------------------------------------------------------------------
[debug] [2026-03-16T06:45:24.373Z] Command:       C:\Program Files\nodejs\node.exe C:\Users\poorv\AppData\Roaming\npm\node_modules\firebase-tools\lib\bin\firebase.js init
[debug] [2026-03-16T06:45:24.374Z] CLI Version:   14.3.1
[debug] [2026-03-16T06:45:24.374Z] Platform:      win32
[debug] [2026-03-16T06:45:24.375Z] Node Version:  v22.15.0
[debug] [2026-03-16T06:45:24.375Z] Time:          Mon Mar 16 2026 12:15:24 GMT+0530 (India Standard Time)
[debug] [2026-03-16T06:45:24.376Z] ----------------------------------------------------------------------
[debug] 
[debug] [2026-03-16T06:45:24.742Z] > command requires scopes: ["email","openid","https://www.googleapis.com/auth/cloudplatformprojects.readonly","https://www.googleapis.com/auth/firebase","https://www.googleapis.com/auth/cloud-platform"]
[debug] [2026-03-16T06:45:24.743Z] > authorizing via signed-in user (poorvikamu1@gmail.com)
[info] 
     ######## #### ########  ######## ########     ###     ######  ########
     ##        ##  ##     ## ##       ##     ##  ##   ##  ##       ##
     ######    ##  ########  ######   ########  #########  ######  ######
     ##        ##  ##    ##  ##       ##     ## ##     ##       ## ##
     ##       #### ##     ## ######## ########  ##     ##  ######  ########

You're about to initialize a Firebase project in this directory:

  C:\cloud-based notes app

Before we get started, keep in mind:

  * You are currently outside your home directory
  * You are initializing within an existing Firebase project directory

[info] 
=== Project Setup
[info] 
[info] First, let's associate this project directory with a Firebase project.
[info] You can create multiple project aliases by running firebase use --add, 
[info] but for now we'll just set up a default project.
[info] 
[debug] [2026-03-16T06:45:40.842Z] Using project from CLI flag: cloud-based-notes-app-d1c55
[debug] [2026-03-16T06:45:40.844Z] Checked if tokens are valid: false, expires at: 1747894301308
[debug] [2026-03-16T06:45:40.845Z] Checked if tokens are valid: false, expires at: 1747894301308
[debug] [2026-03-16T06:45:40.845Z] > refreshing access token with scopes: []
[debug] [2026-03-16T06:45:40.848Z] >>> [apiv2][query] POST https://www.googleapis.com/oauth2/v3/token [none]
[debug] [2026-03-16T06:45:40.848Z] >>> [apiv2][body] POST https://www.googleapis.com/oauth2/v3/token [omitted]
[debug] [2026-03-16T06:45:41.423Z] <<< [apiv2][status] POST https://www.googleapis.com/oauth2/v3/token 400
[debug] [2026-03-16T06:45:41.423Z] <<< [apiv2][body] POST https://www.googleapis.com/oauth2/v3/token [omitted]
[debug] [2026-03-16T06:45:41.424Z] >>> [apiv2][query] GET https://firebase.googleapis.com/v1beta1/projects/cloud-based-notes-app-d1c55 [none]
[debug] [2026-03-16T06:45:42.023Z] <<< [apiv2][status] GET https://firebase.googleapis.com/v1beta1/projects/cloud-based-notes-app-d1c55 401
[debug] [2026-03-16T06:45:42.023Z] <<< [apiv2][body] GET https://firebase.googleapis.com/v1beta1/projects/cloud-based-notes-app-d1c55 {"error":{"code":401,"message":"Request had invalid authentication credentials. Expected OAuth 2 access token, login cookie or other valid authentication credential. See https://developers.google.com/identity/sign-in/web/devconsole-project.","status":"UNAUTHENTICATED"}}
[debug] [2026-03-16T06:45:42.023Z] Got a 401 Unauthenticated error for a call that required authentication. Refreshing tokens.
[debug] [2026-03-16T06:45:42.023Z] Checked if tokens are valid: false, expires at: 1747894301308
[debug] [2026-03-16T06:45:42.023Z] Checked if tokens are valid: false, expires at: 1747894301308
[debug] [2026-03-16T06:45:42.023Z] > refreshing access token with scopes: []
[debug] [2026-03-16T06:45:42.024Z] >>> [apiv2][query] POST https://www.googleapis.com/oauth2/v3/token [none]
[debug] [2026-03-16T06:45:42.024Z] >>> [apiv2][body] POST https://www.googleapis.com/oauth2/v3/token [omitted]
[debug] [2026-03-16T06:45:42.229Z] <<< [apiv2][status] POST https://www.googleapis.com/oauth2/v3/token 400
[debug] [2026-03-16T06:45:42.229Z] <<< [apiv2][body] POST https://www.googleapis.com/oauth2/v3/token [omitted]
[debug] [2026-03-16T06:45:42.230Z] Request to https://firebase.googleapis.com/v1beta1/projects/cloud-based-notes-app-d1c55 had HTTP Error: 401, Request had invalid authentication credentials. Expected OAuth 2 access token, login cookie or other valid authentication credential. See https://developers.google.com/identity/sign-in/web/devconsole-project.
[debug] [2026-03-16T06:45:42.232Z] FirebaseError: Request to https://firebase.googleapis.com/v1beta1/projects/cloud-based-notes-app-d1c55 had HTTP Error: 401, Request had invalid authentication credentials. Expected OAuth 2 access token, login cookie or other valid authentication credential. See https://developers.google.com/identity/sign-in/web/devconsole-project.
    at responseToError (C:\Users\poorv\AppData\Roaming\npm\node_modules\firebase-tools\lib\responseToError.js:52:12)
    at RetryOperation._fn (C:\Users\poorv\AppData\Roaming\npm\node_modules\firebase-tools\lib\apiv2.js:312:77)
    at process.processTicksAndRejections (node:internal/process/task_queues:105:5)
[error] 
[error] Error: Failed to get Firebase project cloud-based-notes-app-d1c55. Please make sure the project exists and your account has permission to access it.
